[2018-11-01T17:32:52.351] [INFO] adapter - { body: {}, query: { tes: '1' }, url: '/user/getaccountrpt' }
[2018-11-01T18:23:18.958] [ERROR] router:base - TypeError: Class constructor Adapter cannot be invoked without 'new'
    at router.get (e:\github\together\server\router\base.js:7:15)
    at dispatch (e:\github\together\server\node_modules\koa-router\node_modules\koa-compose\index.js:44:32)
    at next (e:\github\together\server\node_modules\koa-router\node_modules\koa-compose\index.js:45:18)
    at e:\github\together\server\node_modules\koa-router\lib\router.js:346:16
    at dispatch (e:\github\together\server\node_modules\koa-router\node_modules\koa-compose\index.js:44:32)
    at e:\github\together\server\node_modules\koa-router\node_modules\koa-compose\index.js:36:12
    at dispatch (e:\github\together\server\node_modules\koa-router\lib\router.js:351:31)
    at dispatch (e:\github\together\server\node_modules\koa-compose\index.js:42:32)
    at dispatch (e:\github\together\server\node_modules\koa-router\lib\router.js:332:32)
    at dispatch (e:\github\together\server\node_modules\koa-compose\index.js:42:32)
[2018-11-01T18:23:32.399] [ERROR] router:base - TypeError: Cannot read property 'method' of undefined
    at Adapter._parse (e:\github\together\server\util\adapter.js:10:28)
    at new Adapter (e:\github\together\server\util\adapter.js:6:14)
    at router.get (e:\github\together\server\router\base.js:7:15)
    at dispatch (e:\github\together\server\node_modules\koa-router\node_modules\koa-compose\index.js:44:32)
    at next (e:\github\together\server\node_modules\koa-router\node_modules\koa-compose\index.js:45:18)
    at e:\github\together\server\node_modules\koa-router\lib\router.js:346:16
    at dispatch (e:\github\together\server\node_modules\koa-router\node_modules\koa-compose\index.js:44:32)
    at e:\github\together\server\node_modules\koa-router\node_modules\koa-compose\index.js:36:12
    at dispatch (e:\github\together\server\node_modules\koa-router\lib\router.js:351:31)
    at dispatch (e:\github\together\server\node_modules\koa-compose\index.js:42:32)
[2018-11-01T22:03:24.543] [ERROR] router:base - Error: "value" required in setHeader("Cookie", value)
    at validateHeader (_http_outgoing.js:492:11)
    at ClientRequest.setHeader (_http_outgoing.js:501:3)
    at new ClientRequest (_http_client.js:173:14)
    at Object.request (http.js:38:10)
    at RedirectableRequest._performRequest (e:\my_work\github\together\server\node_modules\follow-redirects\index.js:158:24)
    at new RedirectableRequest (e:\my_work\github\together\server\node_modules\follow-redirects\index.js:55:8)
    at Object.wrappedProtocol.request (e:\my_work\github\together\server\node_modules\follow-redirects\index.js:296:14)
    at dispatchHttpRequest (e:\my_work\github\together\server\node_modules\axios\lib\adapters\http.js:141:25)
    at new Promise (<anonymous>)
    at httpAdapter (e:\my_work\github\together\server\node_modules\axios\lib\adapters\http.js:18:10)
[2018-11-01T22:16:33.282] [ERROR] router:base - Error: "value" required in setHeader("Cookie", value)
    at validateHeader (_http_outgoing.js:492:11)
    at ClientRequest.setHeader (_http_outgoing.js:501:3)
    at new ClientRequest (_http_client.js:173:14)
    at Object.request (http.js:38:10)
    at RedirectableRequest._performRequest (e:\my_work\github\together\server\node_modules\follow-redirects\index.js:158:24)
    at new RedirectableRequest (e:\my_work\github\together\server\node_modules\follow-redirects\index.js:55:8)
    at Object.wrappedProtocol.request (e:\my_work\github\together\server\node_modules\follow-redirects\index.js:296:14)
    at dispatchHttpRequest (e:\my_work\github\together\server\node_modules\axios\lib\adapters\http.js:141:25)
    at new Promise (<anonymous>)
    at httpAdapter (e:\my_work\github\together\server\node_modules\axios\lib\adapters\http.js:18:10)
[2018-11-01T22:17:32.356] [ERROR] router:base - Error: "value" required in setHeader("Cookie", value)
    at validateHeader (_http_outgoing.js:492:11)
    at ClientRequest.setHeader (_http_outgoing.js:501:3)
    at new ClientRequest (_http_client.js:173:14)
    at Object.request (http.js:38:10)
    at RedirectableRequest._performRequest (e:\my_work\github\together\server\node_modules\follow-redirects\index.js:158:24)
    at new RedirectableRequest (e:\my_work\github\together\server\node_modules\follow-redirects\index.js:55:8)
    at Object.wrappedProtocol.request (e:\my_work\github\together\server\node_modules\follow-redirects\index.js:296:14)
    at dispatchHttpRequest (e:\my_work\github\together\server\node_modules\axios\lib\adapters\http.js:141:25)
    at new Promise (<anonymous>)
    at httpAdapter (e:\my_work\github\together\server\node_modules\axios\lib\adapters\http.js:18:10)
[2018-11-01T22:17:49.932] [ERROR] router:base - Error: "value" required in setHeader("Cookie", value)
    at validateHeader (_http_outgoing.js:492:11)
    at ClientRequest.setHeader (_http_outgoing.js:501:3)
    at new ClientRequest (_http_client.js:173:14)
    at Object.request (http.js:38:10)
    at RedirectableRequest._performRequest (e:\my_work\github\together\server\node_modules\follow-redirects\index.js:158:24)
    at new RedirectableRequest (e:\my_work\github\together\server\node_modules\follow-redirects\index.js:55:8)
    at Object.wrappedProtocol.request (e:\my_work\github\together\server\node_modules\follow-redirects\index.js:296:14)
    at dispatchHttpRequest (e:\my_work\github\together\server\node_modules\axios\lib\adapters\http.js:141:25)
    at new Promise (<anonymous>)
    at httpAdapter (e:\my_work\github\together\server\node_modules\axios\lib\adapters\http.js:18:10)
[2018-11-01T22:18:36.410] [ERROR] router:base - Error: "value" required in setHeader("Cookie", value)
    at validateHeader (_http_outgoing.js:492:11)
    at ClientRequest.setHeader (_http_outgoing.js:501:3)
    at new ClientRequest (_http_client.js:173:14)
    at Object.request (http.js:38:10)
    at RedirectableRequest._performRequest (e:\my_work\github\together\server\node_modules\follow-redirects\index.js:158:24)
    at new RedirectableRequest (e:\my_work\github\together\server\node_modules\follow-redirects\index.js:55:8)
    at Object.wrappedProtocol.request (e:\my_work\github\together\server\node_modules\follow-redirects\index.js:296:14)
    at dispatchHttpRequest (e:\my_work\github\together\server\node_modules\axios\lib\adapters\http.js:141:25)
    at new Promise (<anonymous>)
    at httpAdapter (e:\my_work\github\together\server\node_modules\axios\lib\adapters\http.js:18:10)
[2018-11-01T22:19:07.530] [ERROR] router:base - Error: "value" required in setHeader("Cookie", value)
    at validateHeader (_http_outgoing.js:492:11)
    at ClientRequest.setHeader (_http_outgoing.js:501:3)
    at new ClientRequest (_http_client.js:173:14)
    at Object.request (http.js:38:10)
    at RedirectableRequest._performRequest (e:\my_work\github\together\server\node_modules\follow-redirects\index.js:158:24)
    at new RedirectableRequest (e:\my_work\github\together\server\node_modules\follow-redirects\index.js:55:8)
    at Object.wrappedProtocol.request (e:\my_work\github\together\server\node_modules\follow-redirects\index.js:296:14)
    at dispatchHttpRequest (e:\my_work\github\together\server\node_modules\axios\lib\adapters\http.js:141:25)
    at new Promise (<anonymous>)
    at httpAdapter (e:\my_work\github\together\server\node_modules\axios\lib\adapters\http.js:18:10)
[2018-11-01T22:19:08.758] [ERROR] router:base - Error: "value" required in setHeader("Cookie", value)
    at validateHeader (_http_outgoing.js:492:11)
    at ClientRequest.setHeader (_http_outgoing.js:501:3)
    at new ClientRequest (_http_client.js:173:14)
    at Object.request (http.js:38:10)
    at RedirectableRequest._performRequest (e:\my_work\github\together\server\node_modules\follow-redirects\index.js:158:24)
    at new RedirectableRequest (e:\my_work\github\together\server\node_modules\follow-redirects\index.js:55:8)
    at Object.wrappedProtocol.request (e:\my_work\github\together\server\node_modules\follow-redirects\index.js:296:14)
    at dispatchHttpRequest (e:\my_work\github\together\server\node_modules\axios\lib\adapters\http.js:141:25)
    at new Promise (<anonymous>)
    at httpAdapter (e:\my_work\github\together\server\node_modules\axios\lib\adapters\http.js:18:10)
[2018-11-01T22:19:17.998] [ERROR] router:base - Error: "value" required in setHeader("Cookie", value)
    at validateHeader (_http_outgoing.js:492:11)
    at ClientRequest.setHeader (_http_outgoing.js:501:3)
    at new ClientRequest (_http_client.js:173:14)
    at Object.request (http.js:38:10)
    at RedirectableRequest._performRequest (e:\my_work\github\together\server\node_modules\follow-redirects\index.js:158:24)
    at new RedirectableRequest (e:\my_work\github\together\server\node_modules\follow-redirects\index.js:55:8)
    at Object.wrappedProtocol.request (e:\my_work\github\together\server\node_modules\follow-redirects\index.js:296:14)
    at dispatchHttpRequest (e:\my_work\github\together\server\node_modules\axios\lib\adapters\http.js:141:25)
    at new Promise (<anonymous>)
    at httpAdapter (e:\my_work\github\together\server\node_modules\axios\lib\adapters\http.js:18:10)
[2018-11-01T22:21:50.340] [ERROR] router:base - Error: "value" required in setHeader("Cookie", value)
    at validateHeader (_http_outgoing.js:492:11)
    at ClientRequest.setHeader (_http_outgoing.js:501:3)
    at new ClientRequest (_http_client.js:173:14)
    at Object.request (http.js:38:10)
    at RedirectableRequest._performRequest (e:\my_work\github\together\server\node_modules\follow-redirects\index.js:158:24)
    at new RedirectableRequest (e:\my_work\github\together\server\node_modules\follow-redirects\index.js:55:8)
    at Object.wrappedProtocol.request (e:\my_work\github\together\server\node_modules\follow-redirects\index.js:296:14)
    at dispatchHttpRequest (e:\my_work\github\together\server\node_modules\axios\lib\adapters\http.js:141:25)
    at new Promise (<anonymous>)
    at httpAdapter (e:\my_work\github\together\server\node_modules\axios\lib\adapters\http.js:18:10)
[2018-11-01T22:21:53.943] [ERROR] router:base - Error: "value" required in setHeader("Cookie", value)
    at validateHeader (_http_outgoing.js:492:11)
    at ClientRequest.setHeader (_http_outgoing.js:501:3)
    at new ClientRequest (_http_client.js:173:14)
    at Object.request (http.js:38:10)
    at RedirectableRequest._performRequest (e:\my_work\github\together\server\node_modules\follow-redirects\index.js:158:24)
    at new RedirectableRequest (e:\my_work\github\together\server\node_modules\follow-redirects\index.js:55:8)
    at Object.wrappedProtocol.request (e:\my_work\github\together\server\node_modules\follow-redirects\index.js:296:14)
    at dispatchHttpRequest (e:\my_work\github\together\server\node_modules\axios\lib\adapters\http.js:141:25)
    at new Promise (<anonymous>)
    at httpAdapter (e:\my_work\github\together\server\node_modules\axios\lib\adapters\http.js:18:10)
[2018-11-01T22:21:54.659] [ERROR] router:base - Error: "value" required in setHeader("Cookie", value)
    at validateHeader (_http_outgoing.js:492:11)
    at ClientRequest.setHeader (_http_outgoing.js:501:3)
    at new ClientRequest (_http_client.js:173:14)
    at Object.request (http.js:38:10)
    at RedirectableRequest._performRequest (e:\my_work\github\together\server\node_modules\follow-redirects\index.js:158:24)
    at new RedirectableRequest (e:\my_work\github\together\server\node_modules\follow-redirects\index.js:55:8)
    at Object.wrappedProtocol.request (e:\my_work\github\together\server\node_modules\follow-redirects\index.js:296:14)
    at dispatchHttpRequest (e:\my_work\github\together\server\node_modules\axios\lib\adapters\http.js:141:25)
    at new Promise (<anonymous>)
    at httpAdapter (e:\my_work\github\together\server\node_modules\axios\lib\adapters\http.js:18:10)
[2018-11-01T22:21:54.873] [ERROR] router:base - Error: "value" required in setHeader("Cookie", value)
    at validateHeader (_http_outgoing.js:492:11)
    at ClientRequest.setHeader (_http_outgoing.js:501:3)
    at new ClientRequest (_http_client.js:173:14)
    at Object.request (http.js:38:10)
    at RedirectableRequest._performRequest (e:\my_work\github\together\server\node_modules\follow-redirects\index.js:158:24)
    at new RedirectableRequest (e:\my_work\github\together\server\node_modules\follow-redirects\index.js:55:8)
    at Object.wrappedProtocol.request (e:\my_work\github\together\server\node_modules\follow-redirects\index.js:296:14)
    at dispatchHttpRequest (e:\my_work\github\together\server\node_modules\axios\lib\adapters\http.js:141:25)
    at new Promise (<anonymous>)
    at httpAdapter (e:\my_work\github\together\server\node_modules\axios\lib\adapters\http.js:18:10)
[2018-11-01T22:21:55.094] [ERROR] router:base - Error: "value" required in setHeader("Cookie", value)
    at validateHeader (_http_outgoing.js:492:11)
    at ClientRequest.setHeader (_http_outgoing.js:501:3)
    at new ClientRequest (_http_client.js:173:14)
    at Object.request (http.js:38:10)
    at RedirectableRequest._performRequest (e:\my_work\github\together\server\node_modules\follow-redirects\index.js:158:24)
    at new RedirectableRequest (e:\my_work\github\together\server\node_modules\follow-redirects\index.js:55:8)
    at Object.wrappedProtocol.request (e:\my_work\github\together\server\node_modules\follow-redirects\index.js:296:14)
    at dispatchHttpRequest (e:\my_work\github\together\server\node_modules\axios\lib\adapters\http.js:141:25)
    at new Promise (<anonymous>)
    at httpAdapter (e:\my_work\github\together\server\node_modules\axios\lib\adapters\http.js:18:10)
[2018-11-01T22:21:55.383] [ERROR] router:base - Error: "value" required in setHeader("Cookie", value)
    at validateHeader (_http_outgoing.js:492:11)
    at ClientRequest.setHeader (_http_outgoing.js:501:3)
    at new ClientRequest (_http_client.js:173:14)
    at Object.request (http.js:38:10)
    at RedirectableRequest._performRequest (e:\my_work\github\together\server\node_modules\follow-redirects\index.js:158:24)
    at new RedirectableRequest (e:\my_work\github\together\server\node_modules\follow-redirects\index.js:55:8)
    at Object.wrappedProtocol.request (e:\my_work\github\together\server\node_modules\follow-redirects\index.js:296:14)
    at dispatchHttpRequest (e:\my_work\github\together\server\node_modules\axios\lib\adapters\http.js:141:25)
    at new Promise (<anonymous>)
    at httpAdapter (e:\my_work\github\together\server\node_modules\axios\lib\adapters\http.js:18:10)
[2018-11-01T22:21:55.589] [ERROR] router:base - Error: "value" required in setHeader("Cookie", value)
    at validateHeader (_http_outgoing.js:492:11)
    at ClientRequest.setHeader (_http_outgoing.js:501:3)
    at new ClientRequest (_http_client.js:173:14)
    at Object.request (http.js:38:10)
    at RedirectableRequest._performRequest (e:\my_work\github\together\server\node_modules\follow-redirects\index.js:158:24)
    at new RedirectableRequest (e:\my_work\github\together\server\node_modules\follow-redirects\index.js:55:8)
    at Object.wrappedProtocol.request (e:\my_work\github\together\server\node_modules\follow-redirects\index.js:296:14)
    at dispatchHttpRequest (e:\my_work\github\together\server\node_modules\axios\lib\adapters\http.js:141:25)
    at new Promise (<anonymous>)
    at httpAdapter (e:\my_work\github\together\server\node_modules\axios\lib\adapters\http.js:18:10)
[2018-11-01T22:21:55.800] [ERROR] router:base - Error: "value" required in setHeader("Cookie", value)
    at validateHeader (_http_outgoing.js:492:11)
    at ClientRequest.setHeader (_http_outgoing.js:501:3)
    at new ClientRequest (_http_client.js:173:14)
    at Object.request (http.js:38:10)
    at RedirectableRequest._performRequest (e:\my_work\github\together\server\node_modules\follow-redirects\index.js:158:24)
    at new RedirectableRequest (e:\my_work\github\together\server\node_modules\follow-redirects\index.js:55:8)
    at Object.wrappedProtocol.request (e:\my_work\github\together\server\node_modules\follow-redirects\index.js:296:14)
    at dispatchHttpRequest (e:\my_work\github\together\server\node_modules\axios\lib\adapters\http.js:141:25)
    at new Promise (<anonymous>)
    at httpAdapter (e:\my_work\github\together\server\node_modules\axios\lib\adapters\http.js:18:10)
[2018-11-01T22:21:56.028] [ERROR] router:base - Error: "value" required in setHeader("Cookie", value)
    at validateHeader (_http_outgoing.js:492:11)
    at ClientRequest.setHeader (_http_outgoing.js:501:3)
    at new ClientRequest (_http_client.js:173:14)
    at Object.request (http.js:38:10)
    at RedirectableRequest._performRequest (e:\my_work\github\together\server\node_modules\follow-redirects\index.js:158:24)
    at new RedirectableRequest (e:\my_work\github\together\server\node_modules\follow-redirects\index.js:55:8)
    at Object.wrappedProtocol.request (e:\my_work\github\together\server\node_modules\follow-redirects\index.js:296:14)
    at dispatchHttpRequest (e:\my_work\github\together\server\node_modules\axios\lib\adapters\http.js:141:25)
    at new Promise (<anonymous>)
    at httpAdapter (e:\my_work\github\together\server\node_modules\axios\lib\adapters\http.js:18:10)
[2018-11-01T22:21:56.237] [ERROR] router:base - Error: "value" required in setHeader("Cookie", value)
    at validateHeader (_http_outgoing.js:492:11)
    at ClientRequest.setHeader (_http_outgoing.js:501:3)
    at new ClientRequest (_http_client.js:173:14)
    at Object.request (http.js:38:10)
    at RedirectableRequest._performRequest (e:\my_work\github\together\server\node_modules\follow-redirects\index.js:158:24)
    at new RedirectableRequest (e:\my_work\github\together\server\node_modules\follow-redirects\index.js:55:8)
    at Object.wrappedProtocol.request (e:\my_work\github\together\server\node_modules\follow-redirects\index.js:296:14)
    at dispatchHttpRequest (e:\my_work\github\together\server\node_modules\axios\lib\adapters\http.js:141:25)
    at new Promise (<anonymous>)
    at httpAdapter (e:\my_work\github\together\server\node_modules\axios\lib\adapters\http.js:18:10)
[2018-11-01T22:21:56.417] [ERROR] router:base - Error: "value" required in setHeader("Cookie", value)
    at validateHeader (_http_outgoing.js:492:11)
    at ClientRequest.setHeader (_http_outgoing.js:501:3)
    at new ClientRequest (_http_client.js:173:14)
    at Object.request (http.js:38:10)
    at RedirectableRequest._performRequest (e:\my_work\github\together\server\node_modules\follow-redirects\index.js:158:24)
    at new RedirectableRequest (e:\my_work\github\together\server\node_modules\follow-redirects\index.js:55:8)
    at Object.wrappedProtocol.request (e:\my_work\github\together\server\node_modules\follow-redirects\index.js:296:14)
    at dispatchHttpRequest (e:\my_work\github\together\server\node_modules\axios\lib\adapters\http.js:141:25)
    at new Promise (<anonymous>)
    at httpAdapter (e:\my_work\github\together\server\node_modules\axios\lib\adapters\http.js:18:10)
[2018-11-01T22:22:08.298] [ERROR] router:base - Error: "value" required in setHeader("Cookie", value)
    at validateHeader (_http_outgoing.js:492:11)
    at ClientRequest.setHeader (_http_outgoing.js:501:3)
    at new ClientRequest (_http_client.js:173:14)
    at Object.request (http.js:38:10)
    at RedirectableRequest._performRequest (e:\my_work\github\together\server\node_modules\follow-redirects\index.js:158:24)
    at new RedirectableRequest (e:\my_work\github\together\server\node_modules\follow-redirects\index.js:55:8)
    at Object.wrappedProtocol.request (e:\my_work\github\together\server\node_modules\follow-redirects\index.js:296:14)
    at dispatchHttpRequest (e:\my_work\github\together\server\node_modules\axios\lib\adapters\http.js:141:25)
    at new Promise (<anonymous>)
    at httpAdapter (e:\my_work\github\together\server\node_modules\axios\lib\adapters\http.js:18:10)
[2018-11-01T22:22:09.187] [ERROR] router:base - Error: "value" required in setHeader("Cookie", value)
    at validateHeader (_http_outgoing.js:492:11)
    at ClientRequest.setHeader (_http_outgoing.js:501:3)
    at new ClientRequest (_http_client.js:173:14)
    at Object.request (http.js:38:10)
    at RedirectableRequest._performRequest (e:\my_work\github\together\server\node_modules\follow-redirects\index.js:158:24)
    at new RedirectableRequest (e:\my_work\github\together\server\node_modules\follow-redirects\index.js:55:8)
    at Object.wrappedProtocol.request (e:\my_work\github\together\server\node_modules\follow-redirects\index.js:296:14)
    at dispatchHttpRequest (e:\my_work\github\together\server\node_modules\axios\lib\adapters\http.js:141:25)
    at new Promise (<anonymous>)
    at httpAdapter (e:\my_work\github\together\server\node_modules\axios\lib\adapters\http.js:18:10)
[2018-11-01T22:22:09.800] [ERROR] router:base - Error: "value" required in setHeader("Cookie", value)
    at validateHeader (_http_outgoing.js:492:11)
    at ClientRequest.setHeader (_http_outgoing.js:501:3)
    at new ClientRequest (_http_client.js:173:14)
    at Object.request (http.js:38:10)
    at RedirectableRequest._performRequest (e:\my_work\github\together\server\node_modules\follow-redirects\index.js:158:24)
    at new RedirectableRequest (e:\my_work\github\together\server\node_modules\follow-redirects\index.js:55:8)
    at Object.wrappedProtocol.request (e:\my_work\github\together\server\node_modules\follow-redirects\index.js:296:14)
    at dispatchHttpRequest (e:\my_work\github\together\server\node_modules\axios\lib\adapters\http.js:141:25)
    at new Promise (<anonymous>)
    at httpAdapter (e:\my_work\github\together\server\node_modules\axios\lib\adapters\http.js:18:10)
[2018-11-01T22:22:10.711] [ERROR] router:base - Error: "value" required in setHeader("Cookie", value)
    at validateHeader (_http_outgoing.js:492:11)
    at ClientRequest.setHeader (_http_outgoing.js:501:3)
    at new ClientRequest (_http_client.js:173:14)
    at Object.request (http.js:38:10)
    at RedirectableRequest._performRequest (e:\my_work\github\together\server\node_modules\follow-redirects\index.js:158:24)
    at new RedirectableRequest (e:\my_work\github\together\server\node_modules\follow-redirects\index.js:55:8)
    at Object.wrappedProtocol.request (e:\my_work\github\together\server\node_modules\follow-redirects\index.js:296:14)
    at dispatchHttpRequest (e:\my_work\github\together\server\node_modules\axios\lib\adapters\http.js:141:25)
    at new Promise (<anonymous>)
    at httpAdapter (e:\my_work\github\together\server\node_modules\axios\lib\adapters\http.js:18:10)
[2018-11-01T22:22:10.892] [ERROR] router:base - Error: "value" required in setHeader("Cookie", value)
    at validateHeader (_http_outgoing.js:492:11)
    at ClientRequest.setHeader (_http_outgoing.js:501:3)
    at new ClientRequest (_http_client.js:173:14)
    at Object.request (http.js:38:10)
    at RedirectableRequest._performRequest (e:\my_work\github\together\server\node_modules\follow-redirects\index.js:158:24)
    at new RedirectableRequest (e:\my_work\github\together\server\node_modules\follow-redirects\index.js:55:8)
    at Object.wrappedProtocol.request (e:\my_work\github\together\server\node_modules\follow-redirects\index.js:296:14)
    at dispatchHttpRequest (e:\my_work\github\together\server\node_modules\axios\lib\adapters\http.js:141:25)
    at new Promise (<anonymous>)
    at httpAdapter (e:\my_work\github\together\server\node_modules\axios\lib\adapters\http.js:18:10)
[2018-11-01T22:22:11.087] [ERROR] router:base - Error: "value" required in setHeader("Cookie", value)
    at validateHeader (_http_outgoing.js:492:11)
    at ClientRequest.setHeader (_http_outgoing.js:501:3)
    at new ClientRequest (_http_client.js:173:14)
    at Object.request (http.js:38:10)
    at RedirectableRequest._performRequest (e:\my_work\github\together\server\node_modules\follow-redirects\index.js:158:24)
    at new RedirectableRequest (e:\my_work\github\together\server\node_modules\follow-redirects\index.js:55:8)
    at Object.wrappedProtocol.request (e:\my_work\github\together\server\node_modules\follow-redirects\index.js:296:14)
    at dispatchHttpRequest (e:\my_work\github\together\server\node_modules\axios\lib\adapters\http.js:141:25)
    at new Promise (<anonymous>)
    at httpAdapter (e:\my_work\github\together\server\node_modules\axios\lib\adapters\http.js:18:10)
[2018-11-01T22:22:56.010] [ERROR] router:base - Error: "value" required in setHeader("Cookie", value)
    at validateHeader (_http_outgoing.js:492:11)
    at ClientRequest.setHeader (_http_outgoing.js:501:3)
    at new ClientRequest (_http_client.js:173:14)
    at Object.request (http.js:38:10)
    at RedirectableRequest._performRequest (e:\my_work\github\together\server\node_modules\follow-redirects\index.js:158:24)
    at new RedirectableRequest (e:\my_work\github\together\server\node_modules\follow-redirects\index.js:55:8)
    at Object.wrappedProtocol.request (e:\my_work\github\together\server\node_modules\follow-redirects\index.js:296:14)
    at dispatchHttpRequest (e:\my_work\github\together\server\node_modules\axios\lib\adapters\http.js:141:25)
    at new Promise (<anonymous>)
    at httpAdapter (e:\my_work\github\together\server\node_modules\axios\lib\adapters\http.js:18:10)
[2018-11-01T22:48:57.688] [ERROR] router:base - ReferenceError: options is not defined
    at router.get (e:\my_work\github\together\server\router\base.js:8:53)
    at dispatch (e:\my_work\github\together\server\node_modules\koa-router\node_modules\koa-compose\index.js:44:32)
    at next (e:\my_work\github\together\server\node_modules\koa-router\node_modules\koa-compose\index.js:45:18)
    at e:\my_work\github\together\server\node_modules\koa-router\lib\router.js:346:16
    at dispatch (e:\my_work\github\together\server\node_modules\koa-router\node_modules\koa-compose\index.js:44:32)
    at e:\my_work\github\together\server\node_modules\koa-router\node_modules\koa-compose\index.js:36:12
    at dispatch (e:\my_work\github\together\server\node_modules\koa-router\lib\router.js:351:31)
    at dispatch (e:\my_work\github\together\server\node_modules\koa-compose\index.js:42:32)
    at dispatch (e:\my_work\github\together\server\node_modules\koa-router\lib\router.js:332:32)
    at dispatch (e:\my_work\github\together\server\node_modules\koa-compose\index.js:42:32)
