[2018-11-02T00:02:24.251] [ERROR] router:base - ReferenceError: respData1 is not defined
    at router.get (e:\my_work\github\together\server\router\base.js:13:20)
    at <anonymous>
    at process._tickCallback (internal/process/next_tick.js:188:7)
[2018-11-02T00:04:47.834] [ERROR] middleware:error - ReferenceError: respData1 is not defined
    at router.get (e:\my_work\github\together\server\router\base.js:13:20)
    at <anonymous>
    at process._tickCallback (internal/process/next_tick.js:188:7)
[2018-11-02T10:34:43.089] [ERROR] middleware:error - TypeError: match is not a function
    at module.exports (e:\github\together\server\middleware\dispatch.js:9:16)
    at dispatch (e:\github\together\server\node_modules\koa-compose\index.js:42:32)
    at bodyParser (e:\github\together\server\node_modules\koa-bodyparser\index.js:86:11)
    at <anonymous>
    at process._tickCallback (internal/process/next_tick.js:189:7)
[2018-11-02T10:34:56.029] [ERROR] middleware:error - { Error: Request failed with status code 404
    at createError (e:\github\together\server\node_modules\axios\lib\core\createError.js:16:15)
    at settle (e:\github\together\server\node_modules\axios\lib\core\settle.js:18:12)
    at IncomingMessage.handleStreamEnd (e:\github\together\server\node_modules\axios\lib\adapters\http.js:201:11)
    at emitNone (events.js:111:20)
    at IncomingMessage.emit (events.js:208:7)
    at endReadableNT (_stream_readable.js:1064:12)
    at _combinedTickCallback (internal/process/next_tick.js:139:11)
    at process._tickCallback (internal/process/next_tick.js:181:9)
  config: 
   { adapter: [Function: httpAdapter],
     transformRequest: { '0': [Function: transformRequest] },
     transformResponse: { '0': [Function: transformResponse] },
     timeout: 3000,
     xsrfCookieName: 'XSRF-TOKEN',
     xsrfHeaderName: 'X-XSRF-TOKEN',
     maxContentLength: -1,
     validateStatus: [Function: validateStatus],
     headers: 
      { Accept: 'application/json, text/plain, */*',
        'Content-Type': 'application/x-www-form-urlencoded',
        'X-Requested-With': 'XMLHttpRequest',
        Cookie: '',
        'User-Agent': 'axios/0.18.0' },
     method: 'get',
     baseURL: 'http://bg.niu100.com',
     url: 'http://bg.niu100.com/[object%20Object]',
     data: null,
     params: undefined },
  request: 
   ClientRequest {
     domain: null,
     _events: 
      { socket: [Function],
        abort: [Function],
        aborted: [Function],
        error: [Function],
        timeout: [Function],
        prefinish: [Function: requestOnPrefinish] },
     _eventsCount: 6,
     _maxListeners: undefined,
     output: [],
     outputEncodings: [],
     outputCallbacks: [],
     outputSize: 0,
     writable: true,
     _last: true,
     upgrading: false,
     chunkedEncoding: false,
     shouldKeepAlive: false,
     useChunkedEncodingByDefault: false,
     sendDate: false,
     _removedConnection: false,
     _removedContLen: false,
     _removedTE: false,
     _contentLength: 0,
     _hasBody: true,
     _trailer: '',
     finished: true,
     _headerSent: true,
     socket: 
      Socket {
        connecting: false,
        _hadError: false,
        _handle: [Object],
        _parent: null,
        _host: 'bg.niu100.com',
        _readableState: [Object],
        readable: true,
        domain: null,
        _events: [Object],
        _eventsCount: 8,
        _maxListeners: undefined,
        _writableState: [Object],
        writable: false,
        allowHalfOpen: false,
        _bytesDispatched: 237,
        _sockname: null,
        _pendingData: null,
        _pendingEncoding: '',
        server: null,
        _server: null,
        parser: null,
        _httpMessage: [Circular],
        [Symbol(asyncId)]: 25,
        [Symbol(bytesRead)]: 0 },
     connection: 
      Socket {
        connecting: false,
        _hadError: false,
        _handle: [Object],
        _parent: null,
        _host: 'bg.niu100.com',
        _readableState: [Object],
        readable: true,
        domain: null,
        _events: [Object],
        _eventsCount: 8,
        _maxListeners: undefined,
        _writableState: [Object],
        writable: false,
        allowHalfOpen: false,
        _bytesDispatched: 237,
        _sockname: null,
        _pendingData: null,
        _pendingEncoding: '',
        server: null,
        _server: null,
        parser: null,
        _httpMessage: [Circular],
        [Symbol(asyncId)]: 25,
        [Symbol(bytesRead)]: 0 },
     _header: 'GET /[object%20Object] HTTP/1.1\r\nAccept: application/json, text/plain, */*\r\nContent-Type: application/x-www-form-urlencoded\r\nX-Requested-With: XMLHttpRequest\r\nCookie: \r\nUser-Agent: axios/0.18.0\r\nHost: bg.niu100.com\r\nConnection: close\r\n\r\n',
     _onPendingData: [Function: noopPendingOutput],
     agent: 
      Agent {
        domain: null,
        _events: [Object],
        _eventsCount: 1,
        _maxListeners: undefined,
        defaultPort: 80,
        protocol: 'http:',
        options: [Object],
        requests: {},
        sockets: [Object],
        freeSockets: {},
        keepAliveMsecs: 1000,
        keepAlive: false,
        maxSockets: Infinity,
        maxFreeSockets: 256 },
     socketPath: undefined,
     timeout: undefined,
     method: 'GET',
     path: '/[object%20Object]',
     _ended: true,
     res: 
      IncomingMessage {
        _readableState: [Object],
        readable: false,
        domain: null,
        _events: [Object],
        _eventsCount: 3,
        _maxListeners: undefined,
        socket: [Object],
        connection: [Object],
        httpVersionMajor: 1,
        httpVersionMinor: 1,
        httpVersion: '1.1',
        complete: true,
        headers: [Object],
        rawHeaders: [Array],
        trailers: {},
        rawTrailers: [],
        upgrade: false,
        url: '',
        method: null,
        statusCode: 404,
        statusMessage: 'Not Found',
        client: [Object],
        _consuming: true,
        _dumped: false,
        req: [Circular],
        responseUrl: 'http://bg.niu100.com/[object%20Object]',
        redirects: [],
        read: [Function] },
     aborted: undefined,
     timeoutCb: null,
     upgradeOrConnect: false,
     parser: null,
     maxHeadersCount: null,
     _redirectable: 
      Writable {
        _writableState: [Object],
        writable: true,
        domain: null,
        _events: [Object],
        _eventsCount: 2,
        _maxListeners: undefined,
        _options: [Object],
        _redirectCount: 0,
        _redirects: [],
        _requestBodyLength: 0,
        _requestBodyBuffers: [],
        _onNativeResponse: [Function],
        _currentRequest: [Circular],
        _currentUrl: 'http://bg.niu100.com/[object%20Object]' },
     [Symbol(outHeadersKey)]: 
      { accept: [Array],
        'content-type': [Array],
        'x-requested-with': [Array],
        cookie: [Array],
        'user-agent': [Array],
        host: [Array] } },
  response: 
   { status: 404,
     statusText: 'Not Found',
     headers: 
      { server: 'nginx/1.10.2',
        date: 'Fri, 02 Nov 2018 02:34:55 GMT',
        'content-type': 'text/html;charset=utf-8',
        'content-length': '779',
        connection: 'close',
        'set-cookie': [Array],
        'content-language': 'en-US' },
     config: 
      { adapter: [Function: httpAdapter],
        transformRequest: [Object],
        transformResponse: [Object],
        timeout: 3000,
        xsrfCookieName: 'XSRF-TOKEN',
        xsrfHeaderName: 'X-XSRF-TOKEN',
        maxContentLength: -1,
        validateStatus: [Function: validateStatus],
        headers: [Object],
        method: 'get',
        baseURL: 'http://bg.niu100.com',
        url: 'http://bg.niu100.com/[object%20Object]',
        data: null,
        params: undefined },
     request: 
      ClientRequest {
        domain: null,
        _events: [Object],
        _eventsCount: 6,
        _maxListeners: undefined,
        output: [],
        outputEncodings: [],
        outputCallbacks: [],
        outputSize: 0,
        writable: true,
        _last: true,
        upgrading: false,
        chunkedEncoding: false,
        shouldKeepAlive: false,
        useChunkedEncodingByDefault: false,
        sendDate: false,
        _removedConnection: false,
        _removedContLen: false,
        _removedTE: false,
        _contentLength: 0,
        _hasBody: true,
        _trailer: '',
        finished: true,
        _headerSent: true,
        socket: [Object],
        connection: [Object],
        _header: 'GET /[object%20Object] HTTP/1.1\r\nAccept: application/json, text/plain, */*\r\nContent-Type: application/x-www-form-urlencoded\r\nX-Requested-With: XMLHttpRequest\r\nCookie: \r\nUser-Agent: axios/0.18.0\r\nHost: bg.niu100.com\r\nConnection: close\r\n\r\n',
        _onPendingData: [Function: noopPendingOutput],
        agent: [Object],
        socketPath: undefined,
        timeout: undefined,
        method: 'GET',
        path: '/[object%20Object]',
        _ended: true,
        res: [Object],
        aborted: undefined,
        timeoutCb: null,
        upgradeOrConnect: false,
        parser: null,
        maxHeadersCount: null,
        _redirectable: [Object],
        [Symbol(outHeadersKey)]: [Object] },
     data: '\r\n\r\n\r\n<!DOCTYPE HTML PUBLIC "-//W3C//DTD HTML 4.01 Transitional//EN">\r\n<html>\r\n  <head>\r\n    <title>牛壹佰 - 系统找不到该资源</title>\r\n\t<meta http-equiv="Content-Type" content="text/html; charset=utf-8"/>\r\n\t<meta http-equiv="pragma" content="no-cache">\r\n\t<meta http-equiv="cache-control" content="no-cache">\r\n\t<meta http-equiv="expires" content="0">    \r\n\t<meta http-equiv="keywords" content="">\r\n\t<meta http-equiv="refresh" content="5;url=/">\r\n\t<link href="/skin/skin2/css/public.css" rel="stylesheet" />\r\n  </head>\r\n  \r\n  <body class="errorbg">\r\n  \t<div class="error_box">\r\n  \t\t<div class="error_c">404</div>\r\n\t\t<div class="error_word">哎呀...您访问的页面赚钱去啦！</div>\r\n\t\t<a class="error_menu" href="/">返回首页</a>\r\n\t</div>\r\n  </body>\r\n</html>\r\n' } }
[2018-11-02T13:34:28.922] [ERROR] middleware:error - { Error: Request failed with status code 405
    at createError (e:\github\together\server\node_modules\axios\lib\core\createError.js:16:15)
    at settle (e:\github\together\server\node_modules\axios\lib\core\settle.js:18:12)
    at IncomingMessage.handleStreamEnd (e:\github\together\server\node_modules\axios\lib\adapters\http.js:201:11)
    at emitNone (events.js:111:20)
    at IncomingMessage.emit (events.js:208:7)
    at endReadableNT (_stream_readable.js:1064:12)
    at _combinedTickCallback (internal/process/next_tick.js:139:11)
    at process._tickCallback (internal/process/next_tick.js:181:9)
  config: 
   { adapter: [Function: httpAdapter],
     transformRequest: { '0': [Function: transformRequest] },
     transformResponse: { '0': [Function: transformResponse] },
     timeout: 3000,
     xsrfCookieName: 'XSRF-TOKEN',
     xsrfHeaderName: 'X-XSRF-TOKEN',
     maxContentLength: -1,
     validateStatus: [Function: validateStatus],
     headers: 
      { Accept: 'application/json, text/plain, */*',
        'Content-Type': 'application/x-www-form-urlencoded',
        'X-Requested-With': 'XMLHttpRequest',
        Cookie: 'uid=46656085970401; nick=YWFhYWE=; userLever=0; finance=1; token=eyJhbGciOiJIUzI1NiJ9.eyJ1aWQiOiI0NjY1NjA4NTk3MDQwMSIsIm5pY2siOiJZV0ZoWVdFPSIsInVzZXJJbmZvIjoiQWFvQmVKa3R1NG5kVGV4dHIxL2pnYVlIZFFFdkM0NXI4eFhCcnExakl3MlhOSnJ3SWhnQm01QnFmWkwxWFF2NnZJZDJFbTRNNWhNYkNyTzY2UE0vNGdsL2ZRSit6U01BZzNhQjI4L0tya3Y3R0dBNHpUaVpMRFpVbmxid3F4aGFsYUF3d3NtQzJkbUxVUllsOXV5WWxOZ0xDZS9QZXJrd0JTa09qeTNTNllmVTNNYXlxKzNlL2d2SGZ2eGtOaEVPYXpnejloTGRDMEF5U2NBelFsUExlUkpDTGxkSjBLOVFWK1JPcnpRNEtrdFlRbnpTcjJCcGZidnVvMzRESFlvY1BtSElwSFZVQUoyQnU3R0l6SVI2enNDeW1RcWFWZFNLMDVLcUwvbFdFbVJFNDdkVUM1ejZSdHJxRksxOTNNUXN6RkwwOXpEcmFORXNPdExqK0ZrUFIvQ2diOVIwVHBpa2t3UkptTm5scVBlTHZLa2RCN3M3OGRteWx3eklkakxnYnV1UHVmVU9HeUJwb0paTW15Y0VpMmM3Vys0Tm9MUDJrMlpIQ3VOdUJxNmpaU2xTbUhpM0Rab2pOL09PdmdDQzEwTGUxWGRldXY5VDQvaERNbnBBY0JIUVhaU2xJbEQ3TmFadlVJTjhOUGYxUjFvVjNDc0JoUDZHbmcwWitNU0dtN3U1TW83V055RmhFKzRIN0tibE9PckltUmkya0ZFQVdkR1FFckRYZDdLZ245a0FqOWpWc2JHRjJuRmlTSnJja2RQOCIsInVzZXJMZXZlciI6IjAifQ.HPm-UzoVZwpfXAcM5x4Ts8jSoPraWnSH-CPkp0X7wCc',
        'User-Agent': 'axios/0.18.0',
        'Content-Length': 37 },
     method: 'post',
     baseURL: 'http://192.168.1.74:7080',
     url: 'http://192.168.1.74:7080/V1.0/user/balance',
     data: 'username=18512135202&password=a111111' },
  request: 
   ClientRequest {
     domain: null,
     _events: 
      { socket: [Function],
        abort: [Function],
        aborted: [Function],
        error: [Function],
        timeout: [Function],
        prefinish: [Function: requestOnPrefinish] },
     _eventsCount: 6,
     _maxListeners: undefined,
     output: [],
     outputEncodings: [],
     outputCallbacks: [],
     outputSize: 0,
     writable: true,
     _last: true,
     upgrading: false,
     chunkedEncoding: false,
     shouldKeepAlive: false,
     useChunkedEncodingByDefault: true,
     sendDate: false,
     _removedConnection: false,
     _removedContLen: false,
     _removedTE: false,
     _contentLength: null,
     _hasBody: true,
     _trailer: '',
     finished: true,
     _headerSent: true,
     socket: 
      Socket {
        connecting: false,
        _hadError: false,
        _handle: [Object],
        _parent: null,
        _host: null,
        _readableState: [Object],
        readable: true,
        domain: null,
        _events: [Object],
        _eventsCount: 8,
        _maxListeners: undefined,
        _writableState: [Object],
        writable: false,
        allowHalfOpen: false,
        _bytesDispatched: 1299,
        _sockname: null,
        _pendingData: null,
        _pendingEncoding: '',
        server: null,
        _server: null,
        parser: null,
        _httpMessage: [Circular],
        [Symbol(asyncId)]: 24,
        [Symbol(bytesRead)]: 0 },
     connection: 
      Socket {
        connecting: false,
        _hadError: false,
        _handle: [Object],
        _parent: null,
        _host: null,
        _readableState: [Object],
        readable: true,
        domain: null,
        _events: [Object],
        _eventsCount: 8,
        _maxListeners: undefined,
        _writableState: [Object],
        writable: false,
        allowHalfOpen: false,
        _bytesDispatched: 1299,
        _sockname: null,
        _pendingData: null,
        _pendingEncoding: '',
        server: null,
        _server: null,
        parser: null,
        _httpMessage: [Circular],
        [Symbol(asyncId)]: 24,
        [Symbol(bytesRead)]: 0 },
     _header: 'POST /V1.0/user/balance HTTP/1.1\r\nAccept: application/json, text/plain, */*\r\nContent-Type: application/x-www-form-urlencoded\r\nX-Requested-With: XMLHttpRequest\r\nCookie: uid=46656085970401; nick=YWFhYWE=; userLever=0; finance=1; token=eyJhbGciOiJIUzI1NiJ9.eyJ1aWQiOiI0NjY1NjA4NTk3MDQwMSIsIm5pY2siOiJZV0ZoWVdFPSIsInVzZXJJbmZvIjoiQWFvQmVKa3R1NG5kVGV4dHIxL2pnYVlIZFFFdkM0NXI4eFhCcnExakl3MlhOSnJ3SWhnQm01QnFmWkwxWFF2NnZJZDJFbTRNNWhNYkNyTzY2UE0vNGdsL2ZRSit6U01BZzNhQjI4L0tya3Y3R0dBNHpUaVpMRFpVbmxid3F4aGFsYUF3d3NtQzJkbUxVUllsOXV5WWxOZ0xDZS9QZXJrd0JTa09qeTNTNllmVTNNYXlxKzNlL2d2SGZ2eGtOaEVPYXpnejloTGRDMEF5U2NBelFsUExlUkpDTGxkSjBLOVFWK1JPcnpRNEtrdFlRbnpTcjJCcGZidnVvMzRESFlvY1BtSElwSFZVQUoyQnU3R0l6SVI2enNDeW1RcWFWZFNLMDVLcUwvbFdFbVJFNDdkVUM1ejZSdHJxRksxOTNNUXN6RkwwOXpEcmFORXNPdExqK0ZrUFIvQ2diOVIwVHBpa2t3UkptTm5scVBlTHZLa2RCN3M3OGRteWx3eklkakxnYnV1UHVmVU9HeUJwb0paTW15Y0VpMmM3Vys0Tm9MUDJrMlpIQ3VOdUJxNmpaU2xTbUhpM0Rab2pOL09PdmdDQzEwTGUxWGRldXY5VDQvaERNbnBBY0JIUVhaU2xJbEQ3TmFadlVJTjhOUGYxUjFvVjNDc0JoUDZHbmcwWitNU0dtN3U1TW83V055RmhFKzRIN0tibE9PckltUmkya0ZFQVdkR1FFckRYZDdLZ245a0FqOWpWc2JHRjJuRmlTSnJja2RQOCIsInVzZXJMZXZlciI6IjAifQ.HPm-UzoVZwpfXAcM5x4Ts8jSoPraWnSH-CPkp0X7wCc\r\nUser-Agent: axios/0.18.0\r\nContent-Length: 37\r\nHost: 192.168.1.74:7080\r\nConnection: close\r\n\r\n',
     _onPendingData: [Function: noopPendingOutput],
     agent: 
      Agent {
        domain: null,
        _events: [Object],
        _eventsCount: 1,
        _maxListeners: undefined,
        defaultPort: 80,
        protocol: 'http:',
        options: [Object],
        requests: {},
        sockets: [Object],
        freeSockets: {},
        keepAliveMsecs: 1000,
        keepAlive: false,
        maxSockets: Infinity,
        maxFreeSockets: 256 },
     socketPath: undefined,
     timeout: undefined,
     method: 'POST',
     path: '/V1.0/user/balance',
     _ended: true,
     res: 
      IncomingMessage {
        _readableState: [Object],
        readable: false,
        domain: null,
        _events: [Object],
        _eventsCount: 3,
        _maxListeners: undefined,
        socket: [Object],
        connection: [Object],
        httpVersionMajor: 1,
        httpVersionMinor: 1,
        httpVersion: '1.1',
        complete: true,
        headers: [Object],
        rawHeaders: [Array],
        trailers: {},
        rawTrailers: [],
        upgrade: false,
        url: '',
        method: null,
        statusCode: 405,
        statusMessage: '',
        client: [Object],
        _consuming: true,
        _dumped: false,
        req: [Circular],
        responseUrl: 'http://192.168.1.74:7080/V1.0/user/balance',
        redirects: [],
        read: [Function] },
     aborted: undefined,
     timeoutCb: null,
     upgradeOrConnect: false,
     parser: null,
     maxHeadersCount: null,
     _redirectable: 
      Writable {
        _writableState: [Object],
        writable: true,
        domain: null,
        _events: [Object],
        _eventsCount: 2,
        _maxListeners: undefined,
        _options: [Object],
        _redirectCount: 0,
        _redirects: [],
        _requestBodyLength: 37,
        _requestBodyBuffers: [],
        _onNativeResponse: [Function],
        _currentRequest: [Circular],
        _currentUrl: 'http://192.168.1.74:7080/V1.0/user/balance' },
     [Symbol(outHeadersKey)]: 
      { accept: [Array],
        'content-type': [Array],
        'x-requested-with': [Array],
        cookie: [Array],
        'user-agent': [Array],
        'content-length': [Array],
        host: [Array] } },
  response: 
   { status: 405,
     statusText: '',
     headers: 
      { 'x-application-context': 'application:dev:7080',
        allow: 'GET',
        'content-type': 'application/json;charset=UTF-8',
        'transfer-encoding': 'chunked',
        date: 'Fri, 02 Nov 2018 05:34:23 GMT',
        connection: 'close' },
     config: 
      { adapter: [Function: httpAdapter],
        transformRequest: [Object],
        transformResponse: [Object],
        timeout: 3000,
        xsrfCookieName: 'XSRF-TOKEN',
        xsrfHeaderName: 'X-XSRF-TOKEN',
        maxContentLength: -1,
        validateStatus: [Function: validateStatus],
        headers: [Object],
        method: 'post',
        baseURL: 'http://192.168.1.74:7080',
        url: 'http://192.168.1.74:7080/V1.0/user/balance',
        data: 'username=18512135202&password=a111111' },
     request: 
      ClientRequest {
        domain: null,
        _events: [Object],
        _eventsCount: 6,
        _maxListeners: undefined,
        output: [],
        outputEncodings: [],
        outputCallbacks: [],
        outputSize: 0,
        writable: true,
        _last: true,
        upgrading: false,
        chunkedEncoding: false,
        shouldKeepAlive: false,
        useChunkedEncodingByDefault: true,
        sendDate: false,
        _removedConnection: false,
        _removedContLen: false,
        _removedTE: false,
        _contentLength: null,
        _hasBody: true,
        _trailer: '',
        finished: true,
        _headerSent: true,
        socket: [Object],
        connection: [Object],
        _header: 'POST /V1.0/user/balance HTTP/1.1\r\nAccept: application/json, text/plain, */*\r\nContent-Type: application/x-www-form-urlencoded\r\nX-Requested-With: XMLHttpRequest\r\nCookie: uid=46656085970401; nick=YWFhYWE=; userLever=0; finance=1; token=eyJhbGciOiJIUzI1NiJ9.eyJ1aWQiOiI0NjY1NjA4NTk3MDQwMSIsIm5pY2siOiJZV0ZoWVdFPSIsInVzZXJJbmZvIjoiQWFvQmVKa3R1NG5kVGV4dHIxL2pnYVlIZFFFdkM0NXI4eFhCcnExakl3MlhOSnJ3SWhnQm01QnFmWkwxWFF2NnZJZDJFbTRNNWhNYkNyTzY2UE0vNGdsL2ZRSit6U01BZzNhQjI4L0tya3Y3R0dBNHpUaVpMRFpVbmxid3F4aGFsYUF3d3NtQzJkbUxVUllsOXV5WWxOZ0xDZS9QZXJrd0JTa09qeTNTNllmVTNNYXlxKzNlL2d2SGZ2eGtOaEVPYXpnejloTGRDMEF5U2NBelFsUExlUkpDTGxkSjBLOVFWK1JPcnpRNEtrdFlRbnpTcjJCcGZidnVvMzRESFlvY1BtSElwSFZVQUoyQnU3R0l6SVI2enNDeW1RcWFWZFNLMDVLcUwvbFdFbVJFNDdkVUM1ejZSdHJxRksxOTNNUXN6RkwwOXpEcmFORXNPdExqK0ZrUFIvQ2diOVIwVHBpa2t3UkptTm5scVBlTHZLa2RCN3M3OGRteWx3eklkakxnYnV1UHVmVU9HeUJwb0paTW15Y0VpMmM3Vys0Tm9MUDJrMlpIQ3VOdUJxNmpaU2xTbUhpM0Rab2pOL09PdmdDQzEwTGUxWGRldXY5VDQvaERNbnBBY0JIUVhaU2xJbEQ3TmFadlVJTjhOUGYxUjFvVjNDc0JoUDZHbmcwWitNU0dtN3U1TW83V055RmhFKzRIN0tibE9PckltUmkya0ZFQVdkR1FFckRYZDdLZ245a0FqOWpWc2JHRjJuRmlTSnJja2RQOCIsInVzZXJMZXZlciI6IjAifQ.HPm-UzoVZwpfXAcM5x4Ts8jSoPraWnSH-CPkp0X7wCc\r\nUser-Agent: axios/0.18.0\r\nContent-Length: 37\r\nHost: 192.168.1.74:7080\r\nConnection: close\r\n\r\n',
        _onPendingData: [Function: noopPendingOutput],
        agent: [Object],
        socketPath: undefined,
        timeout: undefined,
        method: 'POST',
        path: '/V1.0/user/balance',
        _ended: true,
        res: [Object],
        aborted: undefined,
        timeoutCb: null,
        upgradeOrConnect: false,
        parser: null,
        maxHeadersCount: null,
        _redirectable: [Object],
        [Symbol(outHeadersKey)]: [Object] },
     data: 
      { timestamp: 1541136863248,
        status: 405,
        error: 'Method Not Allowed',
        exception: 'org.springframework.web.HttpRequestMethodNotSupportedException',
        message: 'Request method \'POST\' not supported',
        path: '/V1.0/user/balance' } } }
[2018-11-02T13:35:22.562] [ERROR] middleware:error - Request failed with status code 405
[2018-11-02T13:36:51.945] [ERROR] middleware:error - Request failed with status code 405
[2018-11-02T13:36:53.755] [ERROR] middleware:error - Request failed with status code 405
[2018-11-02T13:36:56.673] [ERROR] middleware:error - Request failed with status code 404
[2018-11-02T13:37:17.877] [ERROR] middleware:error - Request failed with status code 405
[2018-11-02T13:39:35.980] [ERROR] middleware:error - Request failed with status code 404
[2018-11-02T13:40:13.548] [ERROR] middleware:error - Request failed with status code 404
[2018-11-02T14:03:09.174] [ERROR] middleware:error - ctx is not defined
[2018-11-02T14:03:48.602] [ERROR] middleware:error - Cannot read property 'method' of undefined
[2018-11-02T14:11:27.759] [ERROR] middleware:error - Cannot read property 'method' of undefined
[2018-11-02T14:19:05.085] [ERROR] middleware:error - Cannot read property 'cookie' of undefined
[2018-11-02T14:32:20.849] [ERROR] middleware:error - Cannot read property 'path' of undefined
[2018-11-02T14:45:54.923] [ERROR] middleware:error - Cannot read property 'path' of undefined
[2018-11-02T14:46:13.576] [ERROR] middleware:error - Cannot read property 'path' of undefined
[2018-11-02T14:46:14.604] [ERROR] middleware:error - Cannot read property 'path' of undefined
[2018-11-02T14:46:15.704] [ERROR] middleware:error - Cannot read property 'path' of undefined
[2018-11-02T14:46:29.469] [ERROR] middleware:error - Cannot read property 'path' of undefined
[2018-11-02T14:47:11.588] [ERROR] middleware:error - Http is not defined
[2018-11-02T14:56:32.850] [ERROR] middleware:error - dispatch is not defined
[2018-11-02T14:59:28.766] [ERROR] http - Error: Can't set headers after they are sent.
    at validateHeader (_http_outgoing.js:491:11)
    at ServerResponse.setHeader (_http_outgoing.js:498:3)
    at Cookies.set (e:\github\together\server\node_modules\cookies\index.js:115:13)
    at Http.saveCookieToResponse (e:\github\together\server\util\http.js:85:34)
    at Promise (e:\github\together\server\util\http.js:44:26)
    at new Promise (<anonymous>)
    at e:\github\together\server\util\http.js:42:20
    at <anonymous>
    at process._tickCallback (internal/process/next_tick.js:189:7)
[2018-11-02T14:59:30.072] [ERROR] http - Error: Can't set headers after they are sent.
    at validateHeader (_http_outgoing.js:491:11)
    at ServerResponse.setHeader (_http_outgoing.js:498:3)
    at Cookies.set (e:\github\together\server\node_modules\cookies\index.js:115:13)
    at Http.saveCookieToResponse (e:\github\together\server\util\http.js:85:34)
    at Promise (e:\github\together\server\util\http.js:44:26)
    at new Promise (<anonymous>)
    at e:\github\together\server\util\http.js:42:20
    at <anonymous>
    at process._tickCallback (internal/process/next_tick.js:189:7)
[2018-11-02T17:15:28.057] [ERROR] middleware:error - Cannot read property 'method' of undefined
[2018-11-02T17:20:03.642] [ERROR] middleware:error - middleware.then is not a function
[2018-11-02T17:52:09.898] [ERROR] middleware:error - next is not a function
[2018-11-02T17:52:25.989] [ERROR] middleware:error - next is not a function
[2018-11-02T17:52:27.263] [ERROR] middleware:error - next is not a function
[2018-11-02T17:52:41.079] [ERROR] middleware:error - next is not a function
[2018-11-02T17:53:07.307] [ERROR] middleware:error - next is not a function
[2018-11-02T17:53:08.405] [ERROR] middleware:error - next is not a function
[2018-11-02T18:00:52.952] [ERROR] middleware:error - Request failed with status code 404
[2018-11-02T18:24:06.113] [ERROR] middleware:error - Request failed with status code 405
[2018-11-02T18:24:07.797] [ERROR] middleware:error - Request failed with status code 405
[2018-11-02T18:24:42.196] [ERROR] middleware:error - Request failed with status code 405
[2018-11-02T18:24:43.311] [ERROR] middleware:error - Request failed with status code 405
[2018-11-02T18:24:44.293] [ERROR] middleware:error - Request failed with status code 405
[2018-11-02T18:24:45.663] [ERROR] middleware:error - Request failed with status code 405
[2018-11-02T18:31:02.152] [ERROR] middleware:error - Identifier 'config' has already been declared
[2018-11-02T18:31:17.774] [ERROR] middleware:error - Request failed with status code 405
